INFO service started
INFO database connection established
INFO user authentication module loaded
WARN configuration file missing, using defaults
INFO processing request from user 12345
ERROR failed to connect to external API: timeout after 30s
INFO request processed successfully
WARN memory usage at 85% threshold
INFO backup process initiated
ERROR database query failed: connection lost
WARN retry attempt 1/3 for failed operation
INFO connection restored, resuming operations
ERROR invalid user credentials for login attempt
WARN disk space low: 15% remaining
INFO scheduled maintenance completed
ERROR payment processing failed: invalid card number
INFO cache cleared successfully
WARN deprecated API endpoint used
INFO new user registered: user_67890
ERROR file not found: /config/settings.json
WARN SSL certificate expires in 7 days
INFO system health check passed
ERROR out of memory exception in module X
WARN rate limit exceeded for IP 192.168.1.100
INFO data synchronization completed